<?xml version="1.0" encoding="UTF-8"?>
<testsuite xmlns:xsi="http://www.w3.org/2001/XMLSchema-instance" xsi:noNamespaceSchemaLocation="https://maven.apache.org/surefire/maven-surefire-plugin/xsd/surefire-test-report-3.0.xsd" version="3.0" name="edu.yu.compilers.JavanaSemanticTests" time="1.914" tests="10" errors="0" skipped="0" failures="0">
  <properties>
    <property name="java.specification.version" value="19"/>
    <property name="sun.jnu.encoding" value="UTF-8"/>
    <property name="java.class.path" value="/Users/asherkirshtein/Desktop/coding_courses/Kirshtein_Asher_800610242/Javana/target/test-classes:/Users/asherkirshtein/Desktop/coding_courses/Kirshtein_Asher_800610242/Javana/target/classes:/Users/asherkirshtein/.m2/repository/org/junit/jupiter/junit-jupiter/5.10.1/junit-jupiter-5.10.1.jar:/Users/asherkirshtein/.m2/repository/org/junit/jupiter/junit-jupiter-api/5.10.1/junit-jupiter-api-5.10.1.jar:/Users/asherkirshtein/.m2/repository/org/opentest4j/opentest4j/1.3.0/opentest4j-1.3.0.jar:/Users/asherkirshtein/.m2/repository/org/junit/platform/junit-platform-commons/1.10.1/junit-platform-commons-1.10.1.jar:/Users/asherkirshtein/.m2/repository/org/apiguardian/apiguardian-api/1.1.2/apiguardian-api-1.1.2.jar:/Users/asherkirshtein/.m2/repository/org/junit/jupiter/junit-jupiter-params/5.10.1/junit-jupiter-params-5.10.1.jar:/Users/asherkirshtein/.m2/repository/org/junit/jupiter/junit-jupiter-engine/5.10.1/junit-jupiter-engine-5.10.1.jar:/Users/asherkirshtein/.m2/repository/org/junit/platform/junit-platform-engine/1.10.1/junit-platform-engine-1.10.1.jar:/Users/asherkirshtein/.m2/repository/org/apache/logging/log4j/log4j-core/2.19.0/log4j-core-2.19.0.jar:/Users/asherkirshtein/.m2/repository/org/apache/logging/log4j/log4j-api/2.19.0/log4j-api-2.19.0.jar:/Users/asherkirshtein/.m2/repository/org/antlr/antlr4-runtime/4.13.1/antlr4-runtime-4.13.1.jar:/Users/asherkirshtein/.m2/repository/org/json/json/20231013/json-20231013.jar:"/>
    <property name="java.vm.vendor" value="Oracle Corporation"/>
    <property name="sun.arch.data.model" value="64"/>
    <property name="java.vendor.url" value="https://java.oracle.com/"/>
    <property name="os.name" value="Mac OS X"/>
    <property name="java.vm.specification.version" value="19"/>
    <property name="sun.java.launcher" value="SUN_STANDARD"/>
    <property name="user.country" value="US"/>
    <property name="sun.boot.library.path" value="/Library/Java/JavaVirtualMachines/jdk-19.jdk/Contents/Home/lib"/>
    <property name="sun.java.command" value="/Users/asherkirshtein/Desktop/coding_courses/Kirshtein_Asher_800610242/Javana/target/surefire/surefirebooter-20240328165147947_3.jar /Users/asherkirshtein/Desktop/coding_courses/Kirshtein_Asher_800610242/Javana/target/surefire 2024-03-28T16-51-47_829-jvmRun1 surefire-20240328165147947_1tmp surefire_0-20240328165147947_2tmp"/>
    <property name="http.nonProxyHosts" value="local|*.local|169.254/16|*.169.254/16"/>
    <property name="jdk.debug" value="release"/>
    <property name="surefire.test.class.path" value="/Users/asherkirshtein/Desktop/coding_courses/Kirshtein_Asher_800610242/Javana/target/test-classes:/Users/asherkirshtein/Desktop/coding_courses/Kirshtein_Asher_800610242/Javana/target/classes:/Users/asherkirshtein/.m2/repository/org/junit/jupiter/junit-jupiter/5.10.1/junit-jupiter-5.10.1.jar:/Users/asherkirshtein/.m2/repository/org/junit/jupiter/junit-jupiter-api/5.10.1/junit-jupiter-api-5.10.1.jar:/Users/asherkirshtein/.m2/repository/org/opentest4j/opentest4j/1.3.0/opentest4j-1.3.0.jar:/Users/asherkirshtein/.m2/repository/org/junit/platform/junit-platform-commons/1.10.1/junit-platform-commons-1.10.1.jar:/Users/asherkirshtein/.m2/repository/org/apiguardian/apiguardian-api/1.1.2/apiguardian-api-1.1.2.jar:/Users/asherkirshtein/.m2/repository/org/junit/jupiter/junit-jupiter-params/5.10.1/junit-jupiter-params-5.10.1.jar:/Users/asherkirshtein/.m2/repository/org/junit/jupiter/junit-jupiter-engine/5.10.1/junit-jupiter-engine-5.10.1.jar:/Users/asherkirshtein/.m2/repository/org/junit/platform/junit-platform-engine/1.10.1/junit-platform-engine-1.10.1.jar:/Users/asherkirshtein/.m2/repository/org/apache/logging/log4j/log4j-core/2.19.0/log4j-core-2.19.0.jar:/Users/asherkirshtein/.m2/repository/org/apache/logging/log4j/log4j-api/2.19.0/log4j-api-2.19.0.jar:/Users/asherkirshtein/.m2/repository/org/antlr/antlr4-runtime/4.13.1/antlr4-runtime-4.13.1.jar:/Users/asherkirshtein/.m2/repository/org/json/json/20231013/json-20231013.jar:"/>
    <property name="sun.cpu.endian" value="little"/>
    <property name="user.home" value="/Users/asherkirshtein"/>
    <property name="user.language" value="en"/>
    <property name="java.specification.vendor" value="Oracle Corporation"/>
    <property name="java.version.date" value="2023-01-17"/>
    <property name="java.home" value="/Library/Java/JavaVirtualMachines/jdk-19.jdk/Contents/Home"/>
    <property name="file.separator" value="/"/>
    <property name="basedir" value="/Users/asherkirshtein/Desktop/coding_courses/Kirshtein_Asher_800610242/Javana"/>
    <property name="java.vm.compressedOopsMode" value="Zero based"/>
    <property name="line.separator" value="&#10;"/>
    <property name="java.vm.specification.vendor" value="Oracle Corporation"/>
    <property name="java.specification.name" value="Java Platform API Specification"/>
    <property name="apple.awt.application.name" value="ForkedBooter"/>
    <property name="surefire.real.class.path" value="/Users/asherkirshtein/Desktop/coding_courses/Kirshtein_Asher_800610242/Javana/target/surefire/surefirebooter-20240328165147947_3.jar"/>
    <property name="sun.management.compiler" value="HotSpot 64-Bit Tiered Compilers"/>
    <property name="ftp.nonProxyHosts" value="local|*.local|169.254/16|*.169.254/16"/>
    <property name="java.runtime.version" value="19.0.2+7-44"/>
    <property name="user.name" value="asherkirshtein"/>
    <property name="stdout.encoding" value="UTF-8"/>
    <property name="path.separator" value=":"/>
    <property name="os.version" value="12.7.1"/>
    <property name="java.runtime.name" value="Java(TM) SE Runtime Environment"/>
    <property name="file.encoding" value="UTF-8"/>
    <property name="java.vm.name" value="Java HotSpot(TM) 64-Bit Server VM"/>
    <property name="localRepository" value="/Users/asherkirshtein/.m2/repository"/>
    <property name="java.vendor.url.bug" value="https://bugreport.java.com/bugreport/"/>
    <property name="java.io.tmpdir" value="/var/folders/0t/p20j789d4dxcs54ktlk3trlc0000gn/T/"/>
    <property name="java.version" value="19.0.2"/>
    <property name="user.dir" value="/Users/asherkirshtein/Desktop/coding_courses/Kirshtein_Asher_800610242/Javana"/>
    <property name="os.arch" value="x86_64"/>
    <property name="java.vm.specification.name" value="Java Virtual Machine Specification"/>
    <property name="native.encoding" value="UTF-8"/>
    <property name="java.library.path" value="/Users/asherkirshtein/Library/Java/Extensions:/Library/Java/Extensions:/Network/Library/Java/Extensions:/System/Library/Java/Extensions:/usr/lib/java:."/>
    <property name="java.vm.info" value="mixed mode, sharing"/>
    <property name="stderr.encoding" value="UTF-8"/>
    <property name="java.vendor" value="Oracle Corporation"/>
    <property name="java.vm.version" value="19.0.2+7-44"/>
    <property name="sun.io.unicode.encoding" value="UnicodeBig"/>
    <property name="socksNonProxyHosts" value="local|*.local|169.254/16|*.169.254/16"/>
    <property name="java.class.version" value="63.0"/>
  </properties>
  <testcase name="TestFunction" classname="edu.yu.compilers.JavanaSemanticTests" time="0.22">
    <system-out><![CDATA[
==========Running Semantic check on TestFunction Test==============

==========End TestFunction Test==============
]]></system-out>
  </testcase>
  <testcase name="TestIf" classname="edu.yu.compilers.JavanaSemanticTests" time="0.181">
    <system-out><![CDATA[
==========Running Semantic check on TestIf Test==============

==========End TestIf Test==============
]]></system-out>
  </testcase>
  <testcase name="SimpleForLoopTest" classname="edu.yu.compilers.JavanaSemanticTests" time="0.176">
    <system-out><![CDATA[
==========Running Semantic check on SimpleForLoop Test==============

==========End SimpleForLoop Test==============
]]></system-out>
  </testcase>
  <testcase name="TestCase" classname="edu.yu.compilers.JavanaSemanticTests" time="0.195">
    <system-out><![CDATA[
==========Running Semantic check on TestCase Test==============


===== SYNTAX ERRORS =====

Line Message                            
---- -------                            
011  missing '{' at 'if'                
015  missing '{' at 'if'                
024  extraneous input '<EOF>' expecting {'(', 'func', 'record', '{', '}', 'decl', 'var', 'const', 'if', 'for', 'while', 'return', 'print', 'println', '!', '-', 'readch', 'readln', '@', IDENT, STRING, INTEGER, BOOL, 'None'}

==========End TestCase Test==============
]]></system-out>
  </testcase>
  <testcase name="TypeTest" classname="edu.yu.compilers.JavanaSemanticTests" time="0.21">
    <system-out><![CDATA[
==========Running Semantic check on TypeTest Test==============


===== SYNTAX ERRORS =====

Line Message                            
---- -------                            
011  no viable alternative at input '@{'
011  extraneous input ',' expecting {'(', 'func', 'record', '{', '}', 'decl', 'var', 'const', 'if', 'for', 'while', 'return', 'print', 'println', '!', '-', 'readch', 'readln', '@', IDENT, STRING, INTEGER, BOOL, 'None'}

==========End TypeTest Test==============
]]></system-out>
  </testcase>
  <testcase name="TestProcedure" classname="edu.yu.compilers.JavanaSemanticTests" time="0.18">
    <system-out><![CDATA[
==========Running Semantic check on TestProcedure Test==============

==========End TestProcedure Test==============
]]></system-out>
  </testcase>
  <testcase name="TestWhile" classname="edu.yu.compilers.JavanaSemanticTests" time="0.178">
    <system-out><![CDATA[
==========Running Semantic check on TestWhile Test==============

==========End TestWhile Test==============
]]></system-out>
  </testcase>
  <testcase name="HelloWorldTest" classname="edu.yu.compilers.JavanaSemanticTests" time="0.175">
    <system-out><![CDATA[
==========Running Semantic check on HelloWorld Test==============

==========End HelloWorld Test==============
]]></system-out>
  </testcase>
  <testcase name="TestProcedureVar" classname="edu.yu.compilers.JavanaSemanticTests" time="0.182">
    <system-out><![CDATA[
==========Running Semantic check on TestProcedureVar Test==============

==========End TestProcedureVar Test==============
]]></system-out>
  </testcase>
  <testcase name="SnowsTest" classname="edu.yu.compilers.JavanaSemanticTests" time="0.179">
    <system-out><![CDATA[
==========Running Semantic check on Snows Test==============

==========End Snows Test==============
]]></system-out>
  </testcase>
</testsuite>